<?xml version="1.0" encoding="UTF-8"?>
<!-- Generated by org.testng.reporters.JUnitReportReporter -->
<testsuite hostname="Lenovo-Anita" failures="0" tests="3" name="com.dollardays.testcases.MenuTestcases" time="78.467" errors="0" timestamp="2021-02-01T19:36:43 MST" skipped="0">
  <testcase classname="com.dollardays.testcases.MenuTestcases" name="TC_02_MenuList" time="28.373"/>
  <system-out/>
  <testcase classname="com.dollardays.testcases.MenuTestcases" name="TC_01_MenuList" time="21.733"/>
  <system-out/>
  <testcase classname="com.dollardays.testcases.MenuTestcases" name="TC_03_MenuList" time="28.361"/>
  <system-out/>
</testsuite> <!-- com.dollardays.testcases.MenuTestcases -->
