<?xml version="1.0" encoding="UTF-8"?>
<!-- Generated by org.testng.reporters.JUnitReportReporter -->
<testsuite hostname="Lenovo-Anita" failures="0" tests="1" name="com.dollardays.testcases.LoginTestcase" time="16.205" errors="0" timestamp="2021-03-14T12:21:23 MST" skipped="0">
  <testcase classname="com.dollardays.testcases.LoginTestcase" name="invokeLogin" time="16.205"/>
  <system-out/>
</testsuite> <!-- com.dollardays.testcases.LoginTestcase -->
